2025-06-20 11:26:22,118 - pyswarms.single.global_best - INFO - Optimize for 100 iters with {'c1': 0.5, 'c2': 0.3, 'w': 0.9}
2025-06-20 11:27:48,826 - pyswarms.single.global_best - INFO - Optimize for 100 iters with {'c1': 0.5, 'c2': 0.3, 'w': 0.9}
2025-06-20 11:29:34,998 - pyswarms.single.global_best - INFO - Optimize for 100 iters with {'c1': 0.5, 'c2': 0.3, 'w': 0.9}
2025-06-20 11:47:46,138 - pyswarms.single.global_best - INFO - Optimize for 100 iters with {'c1': 0.5, 'c2': 0.3, 'w': 0.9}
2025-06-20 11:49:38,886 - pyswarms.single.global_best - INFO - Optimize for 100 iters with {'c1': 0.5, 'c2': 0.3, 'w': 0.9}
2025-06-20 11:52:34,489 - pyswarms.single.global_best - INFO - Optimize for 100 iters with {'c1': 0.5, 'c2': 0.3, 'w': 0.9}
2025-06-20 11:52:45,777 - pyswarms.single.global_best - INFO - Optimize for 100 iters with {'c1': 0.5, 'c2': 0.3, 'w': 0.9}
2025-06-20 11:53:33,881 - pyswarms.single.global_best - INFO - Optimize for 100 iters with {'c1': 0.5, 'c2': 0.3, 'w': 0.9}
2025-06-20 11:54:48,883 - pyswarms.single.global_best - INFO - Optimize for 100 iters with {'c1': 0.5, 'c2': 0.3, 'w': 0.9}
2025-06-20 11:55:54,107 - pyswarms.single.global_best - INFO - Optimize for 100 iters with {'c1': 0.5, 'c2': 0.3, 'w': 0.9}
2025-06-20 11:56:15,475 - pyswarms.single.global_best - INFO - Optimize for 100 iters with {'c1': 0.5, 'c2': 0.3, 'w': 0.9}
2025-06-20 11:57:41,873 - pyswarms.single.global_best - INFO - Optimize for 100 iters with {'c1': 0.5, 'c2': 0.3, 'w': 0.9}
2025-06-20 12:00:43,615 - pyswarms.single.global_best - INFO - Optimize for 100 iters with {'c1': 0.5, 'c2': 0.3, 'w': 0.9}
2025-06-20 12:01:00,209 - pyswarms.single.global_best - INFO - Optimize for 100 iters with {'c1': 0.5, 'c2': 0.3, 'w': 0.9}
2025-06-20 12:01:36,749 - pyswarms.single.global_best - INFO - Optimize for 100 iters with {'c1': 0.5, 'c2': 0.3, 'w': 0.9}
2025-06-20 12:01:53,063 - pyswarms.single.global_best - INFO - Optimize for 100 iters with {'c1': 0.5, 'c2': 0.3, 'w': 0.9}
2025-06-20 12:02:00,079 - pyswarms.single.global_best - INFO - Optimize for 100 iters with {'c1': 0.5, 'c2': 0.3, 'w': 0.9}
2025-06-20 12:02:12,803 - pyswarms.single.global_best - INFO - Optimize for 100 iters with {'c1': 0.5, 'c2': 0.3, 'w': 0.9}
2025-06-20 12:02:29,983 - pyswarms.single.global_best - INFO - Optimize for 100 iters with {'c1': 0.5, 'c2': 0.3, 'w': 0.9}
2025-06-20 12:02:42,195 - pyswarms.single.global_best - INFO - Optimize for 100 iters with {'c1': 0.5, 'c2': 0.3, 'w': 0.9}
2025-06-20 12:04:32,084 - pyswarms.single.global_best - INFO - Optimize for 100 iters with {'c1': 0.5, 'c2': 0.3, 'w': 0.9}
2025-06-20 12:04:48,774 - pyswarms.single.global_best - INFO - Optimize for 100 iters with {'c1': 0.5, 'c2': 0.3, 'w': 0.9}
2025-06-20 12:05:21,448 - pyswarms.single.global_best - INFO - Optimize for 100 iters with {'c1': 0.5, 'c2': 0.3, 'w': 0.9}
2025-06-20 12:06:18,058 - pyswarms.single.global_best - INFO - Optimize for 100 iters with {'c1': 0.5, 'c2': 0.3, 'w': 0.9}
2025-06-20 12:10:54,122 - pyswarms.single.global_best - INFO - Optimize for 100 iters with {'c1': 0.5, 'c2': 0.3, 'w': 0.9}
2025-06-20 12:12:04,434 - pyswarms.single.global_best - INFO - Optimize for 100 iters with {'c1': 0.5, 'c2': 0.3, 'w': 0.9}
2025-06-20 12:12:18,107 - pyswarms.single.global_best - INFO - Optimize for 100 iters with {'c1': 0.5, 'c2': 0.3, 'w': 0.9}
2025-06-20 12:17:33,795 - pyswarms.single.global_best - INFO - Optimize for 100 iters with {'c1': 0.5, 'c2': 0.3, 'w': 0.9}
2025-06-20 12:22:51,566 - pyswarms.single.global_best - INFO - Optimize for 100 iters with {'c1': 0.5, 'c2': 0.3, 'w': 0.9}
2025-06-20 12:23:39,799 - pyswarms.single.global_best - INFO - Optimize for 100 iters with {'c1': 0.5, 'c2': 0.3, 'w': 0.9}
2025-06-20 12:24:25,267 - pyswarms.single.global_best - INFO - Optimize for 100 iters with {'c1': 0.5, 'c2': 0.3, 'w': 0.9}
2025-06-20 12:40:02,743 - pyswarms.single.global_best - INFO - Optimization finished | best cost: 0.75, best pos: [3.11097539e-07 4.01024163e-07 8.94898194e-08 4.69107890e-07
 3.82100398e-07 1.22889540e-07 3.03107079e-07 4.11718703e-07
 2.93144066e-07 9.46050135e-08 4.49378576e-07 1.36150846e-07
 4.18860929e-07 3.64676437e-07 1.04076320e-07 4.03747968e-07
 1.95200935e-07]
2025-06-20 12:41:31,150 - pyswarms.single.global_best - INFO - Optimize for 100 iters with {'c1': 0.5, 'c2': 0.3, 'w': 0.9}
2025-06-20 13:02:46,309 - pyswarms.single.global_best - INFO - Optimization finished | best cost: 0.75, best pos: [1.86355748e-07 4.13974437e-08 3.23792986e-07 2.91799324e-08
 4.32703071e-07 2.43129150e-07 2.53849173e-07 3.62735428e-07
 2.13372464e-07 4.51487909e-07 1.58642490e-07 3.60374584e-07
 4.34445283e-07 4.60521644e-07 2.10433959e-07 2.87998677e-07
 3.49076577e-07]
2025-06-20 13:16:57,106 - pyswarms.single.global_best - INFO - Optimize for 100 iters with {'c1': 0.5, 'c2': 0.3, 'w': 0.9}
2025-06-20 15:57:47,280 - pyswarms.single.global_best - INFO - Optimize for 100 iters with {'c1': 0.5, 'c2': 0.3, 'w': 0.9}
2025-06-20 16:27:55,190 - pyswarms.single.global_best - INFO - Optimization finished | best cost: 0.75, best pos: [9.22321056e-08 2.91472121e-07 2.12255815e-07 1.71245501e-07
 4.59763000e-08 1.14713409e-07 2.09077581e-07 2.70957355e-08
 5.25559394e-08 1.69467173e-07 4.99534996e-08 2.98720794e-07
 2.36185727e-07 1.35107837e-07 1.51914429e-07 4.04905020e-07
 1.35998052e-07]
2025-06-30 11:15:33,260 - pyswarms.single.global_best - INFO - Optimize for 100 iters with {'c1': 0.5, 'c2': 0.3, 'w': 0.9}
2025-06-30 11:16:35,428 - pyswarms.single.global_best - INFO - Optimize for 100 iters with {'c1': 0.5, 'c2': 0.3, 'w': 0.9}
2025-06-30 11:17:47,546 - pyswarms.single.global_best - INFO - Optimize for 100 iters with {'c1': 0.5, 'c2': 0.3, 'w': 0.9}
2025-06-30 11:18:22,013 - pyswarms.single.global_best - INFO - Optimize for 100 iters with {'c1': 0.5, 'c2': 0.3, 'w': 0.9}
2025-06-30 11:18:56,757 - pyswarms.single.global_best - INFO - Optimize for 100 iters with {'c1': 0.5, 'c2': 0.3, 'w': 0.9}
2025-06-30 11:19:49,362 - pyswarms.single.global_best - INFO - Optimize for 100 iters with {'c1': 0.5, 'c2': 0.3, 'w': 0.9}
2025-06-30 11:24:12,853 - pyswarms.single.global_best - INFO - Optimize for 100 iters with {'c1': 0.5, 'c2': 0.3, 'w': 0.9}
2025-06-30 11:24:29,253 - pyswarms.single.global_best - INFO - Optimize for 100 iters with {'c1': 0.5, 'c2': 0.3, 'w': 0.9}
2025-06-30 11:25:02,079 - pyswarms.single.global_best - INFO - Optimize for 100 iters with {'c1': 0.5, 'c2': 0.3, 'w': 0.9}
2025-06-30 11:25:34,692 - pyswarms.single.global_best - INFO - Optimize for 100 iters with {'c1': 0.5, 'c2': 0.3, 'w': 0.9}
2025-06-30 11:26:01,054 - pyswarms.single.global_best - INFO - Optimize for 100 iters with {'c1': 0.5, 'c2': 0.3, 'w': 0.9}
2025-06-30 11:27:16,865 - pyswarms.single.global_best - INFO - Optimize for 100 iters with {'c1': 0.5, 'c2': 0.3, 'w': 0.9}
2025-06-30 11:30:14,819 - pyswarms.single.global_best - INFO - Optimize for 100 iters with {'c1': 0.5, 'c2': 0.3, 'w': 0.9}
2025-06-30 11:36:30,682 - pyswarms.single.global_best - INFO - Optimize for 100 iters with {'c1': 0.5, 'c2': 0.3, 'w': 0.9}
2025-06-30 11:39:07,177 - pyswarms.single.global_best - INFO - Optimize for 100 iters with {'c1': 0.5, 'c2': 0.3, 'w': 0.9}
2025-06-30 11:39:28,645 - pyswarms.single.global_best - INFO - Optimize for 100 iters with {'c1': 0.5, 'c2': 0.3, 'w': 0.9}
2025-06-30 11:39:50,114 - pyswarms.single.global_best - INFO - Optimize for 100 iters with {'c1': 0.5, 'c2': 0.3, 'w': 0.9}
2025-06-30 11:41:44,016 - pyswarms.single.global_best - INFO - Optimize for 100 iters with {'c1': 0.5, 'c2': 0.3, 'w': 0.9}
2025-06-30 11:42:27,716 - pyswarms.single.global_best - INFO - Optimize for 100 iters with {'c1': 0.5, 'c2': 0.3, 'w': 0.9}
2025-06-30 11:43:21,856 - pyswarms.single.global_best - INFO - Optimize for 100 iters with {'c1': 0.5, 'c2': 0.3, 'w': 0.9}
2025-06-30 11:55:03,623 - pyswarms.single.global_best - INFO - Optimize for 100 iters with {'c1': 0.5, 'c2': 0.3, 'w': 0.9}
2025-06-30 12:24:40,983 - pyswarms.single.global_best - INFO - Optimize for 100 iters with {'c1': 0.5, 'c2': 0.3, 'w': 0.9}
2025-06-30 12:28:37,746 - pyswarms.single.global_best - INFO - Optimize for 100 iters with {'c1': 0.5, 'c2': 0.3, 'w': 0.9}
2025-06-30 12:35:18,664 - pyswarms.single.global_best - INFO - Optimize for 100 iters with {'c1': 0.5, 'c2': 0.3, 'w': 0.9}
2025-06-30 12:38:55,979 - pyswarms.single.global_best - INFO - Optimize for 100 iters with {'c1': 0.5, 'c2': 0.3, 'w': 0.9}
2025-06-30 12:39:36,608 - pyswarms.single.global_best - INFO - Optimize for 100 iters with {'c1': 0.5, 'c2': 0.3, 'w': 0.9}
2025-06-30 12:46:55,880 - pyswarms.single.global_best - INFO - Optimize for 100 iters with {'c1': 0.5, 'c2': 0.3, 'w': 0.9}
2025-06-30 12:49:43,234 - pyswarms.single.global_best - INFO - Optimize for 100 iters with {'c1': 0.5, 'c2': 0.3, 'w': 0.9}
2025-06-30 12:51:16,550 - pyswarms.single.global_best - INFO - Optimize for 100 iters with {'c1': 0.5, 'c2': 0.3, 'w': 0.9}
2025-06-30 12:51:58,753 - pyswarms.single.global_best - INFO - Optimize for 100 iters with {'c1': 0.5, 'c2': 0.3, 'w': 0.9}
2025-06-30 12:53:02,985 - pyswarms.single.global_best - INFO - Optimize for 100 iters with {'c1': 0.5, 'c2': 0.3, 'w': 0.9}
2025-06-30 12:59:33,154 - pyswarms.single.global_best - INFO - Optimize for 100 iters with {'c1': 0.5, 'c2': 0.3, 'w': 0.9}
2025-06-30 13:00:36,939 - pyswarms.single.global_best - INFO - Optimize for 100 iters with {'c1': 0.5, 'c2': 0.3, 'w': 0.9}
2025-06-30 13:01:27,790 - pyswarms.single.global_best - INFO - Optimize for 100 iters with {'c1': 0.5, 'c2': 0.3, 'w': 0.9}
2025-06-30 13:06:31,425 - pyswarms.single.global_best - INFO - Optimize for 100 iters with {'c1': 0.5, 'c2': 0.3, 'w': 0.9}
2025-06-30 13:07:22,650 - pyswarms.single.global_best - INFO - Optimize for 100 iters with {'c1': 0.5, 'c2': 0.3, 'w': 0.9}
2025-06-30 13:09:26,262 - pyswarms.single.global_best - INFO - Optimize for 100 iters with {'c1': 0.5, 'c2': 0.3, 'w': 0.9}
2025-06-30 13:26:30,078 - pyswarms.single.global_best - INFO - Optimization finished | best cost: 0.75, best pos: [2.59337406e-07 4.15105066e-07 1.01000672e-07 3.30658999e-07
 3.30420233e-07 3.25049679e-07 4.79301430e-07 3.79413415e-07
 2.08500726e-07 2.96028494e-07 1.55425676e-07 2.98455758e-07
 5.26243828e-08 1.23833825e-07 3.75299579e-07 1.96408967e-07
 3.04406593e-07]
2025-06-30 14:08:15,371 - pyswarms.single.global_best - INFO - Optimize for 100 iters with {'c1': 0.5, 'c2': 0.3, 'w': 0.9}
2025-06-30 14:09:28,391 - pyswarms.single.global_best - INFO - Optimize for 100 iters with {'c1': 0.5, 'c2': 0.3, 'w': 0.9}
2025-06-30 14:12:57,942 - pyswarms.single.global_best - INFO - Optimize for 100 iters with {'c1': 0.5, 'c2': 0.3, 'w': 0.9}
2025-07-02 16:20:21,279 - pyswarms.single.global_best - INFO - Optimize for 100 iters with {'c1': 0.5, 'c2': 0.3, 'w': 0.9}
2025-07-02 16:21:15,822 - pyswarms.single.global_best - INFO - Optimize for 100 iters with {'c1': 0.5, 'c2': 0.3, 'w': 0.9}
2025-07-02 16:42:03,700 - pyswarms.single.global_best - INFO - Optimize for 100 iters with {'c1': 0.5, 'c2': 0.3, 'w': 0.9}
2025-07-02 16:42:23,527 - pyswarms.single.global_best - INFO - Optimize for 100 iters with {'c1': 0.5, 'c2': 0.3, 'w': 0.9}
2025-07-02 16:45:35,413 - pyswarms.single.global_best - INFO - Optimize for 100 iters with {'c1': 0.5, 'c2': 0.3, 'w': 0.9}
2025-07-03 11:20:02,910 - pyswarms.single.global_best - INFO - Optimize for 100 iters with {'c1': 0.5, 'c2': 0.3, 'w': 0.9}
2025-07-03 11:22:34,088 - pyswarms.single.global_best - INFO - Optimize for 100 iters with {'c1': 0.5, 'c2': 0.3, 'w': 0.9}
2025-07-03 15:21:11,590 - pyswarms.single.global_best - INFO - Optimize for 100 iters with {'c1': 0.5, 'c2': 0.3, 'w': 0.9}
2025-07-03 15:22:23,175 - pyswarms.single.global_best - INFO - Optimize for 100 iters with {'c1': 0.5, 'c2': 0.3, 'w': 0.9}
2025-07-03 15:29:57,484 - pyswarms.single.global_best - INFO - Optimize for 100 iters with {'c1': 0.5, 'c2': 0.3, 'w': 0.9}
2025-07-03 15:31:56,796 - pyswarms.single.global_best - INFO - Optimize for 100 iters with {'c1': 0.5, 'c2': 0.3, 'w': 0.9}
2025-07-03 15:36:26,063 - pyswarms.single.global_best - INFO - Optimize for 100 iters with {'c1': 0.5, 'c2': 0.3, 'w': 0.9}
2025-07-03 15:39:00,421 - pyswarms.single.global_best - INFO - Optimize for 100 iters with {'c1': 0.5, 'c2': 0.3, 'w': 0.9}
2025-07-03 15:40:17,508 - pyswarms.single.global_best - INFO - Optimize for 100 iters with {'c1': 0.5, 'c2': 0.3, 'w': 0.9}
2025-07-03 15:52:04,991 - pyswarms.single.global_best - INFO - Optimize for 100 iters with {'c1': 0.5, 'c2': 0.3, 'w': 0.9}
2025-07-03 15:57:25,807 - pyswarms.single.global_best - INFO - Optimize for 100 iters with {'c1': 0.5, 'c2': 0.3, 'w': 0.9}
2025-07-03 16:05:24,121 - pyswarms.single.global_best - INFO - Optimize for 100 iters with {'c1': 0.5, 'c2': 0.3, 'w': 0.9}
2025-07-03 18:05:25,328 - pyswarms.single.global_best - INFO - Optimize for 100 iters with {'c1': 0.5, 'c2': 0.3, 'w': 0.9}
2025-07-03 18:05:51,042 - pyswarms.single.global_best - INFO - Optimize for 100 iters with {'c1': 0.5, 'c2': 0.3, 'w': 0.9}
2025-07-03 18:06:29,091 - pyswarms.single.global_best - INFO - Optimize for 100 iters with {'c1': 0.5, 'c2': 0.3, 'w': 0.9}
2025-07-03 18:08:08,403 - pyswarms.single.global_best - INFO - Optimize for 100 iters with {'c1': 0.5, 'c2': 0.3, 'w': 0.9}
2025-07-03 18:09:57,758 - pyswarms.single.global_best - INFO - Optimize for 100 iters with {'c1': 0.5, 'c2': 0.3, 'w': 0.9}
2025-07-03 18:10:13,743 - pyswarms.single.global_best - INFO - Optimize for 100 iters with {'c1': 0.5, 'c2': 0.3, 'w': 0.9}
2025-07-04 12:33:46,525 - pyswarms.single.global_best - INFO - Optimize for 100 iters with {'c1': 0.5, 'c2': 0.3, 'w': 0.9}
2025-07-15 15:11:53,114 - pyswarms.single.global_best - INFO - Optimize for 100 iters with {'c1': 0.5, 'c2': 0.3, 'w': 0.9}
2025-07-15 15:12:46,515 - pyswarms.single.global_best - INFO - Optimize for 100 iters with {'c1': 0.5, 'c2': 0.3, 'w': 0.9}
2025-07-17 16:46:58,774 - pyswarms.single.global_best - INFO - Optimize for 100 iters with {'c1': 0.5, 'c2': 0.3, 'w': 0.9}
2025-07-17 16:49:04,926 - pyswarms.single.global_best - INFO - Optimize for 100 iters with {'c1': 0.5, 'c2': 0.3, 'w': 0.9}
2025-07-17 16:51:12,107 - pyswarms.single.global_best - INFO - Optimize for 100 iters with {'c1': 0.5, 'c2': 0.3, 'w': 0.9}
2025-07-17 17:01:47,152 - pyswarms.single.global_best - INFO - Optimize for 100 iters with {'c1': 0.5, 'c2': 0.3, 'w': 0.9}
2025-07-17 17:01:56,748 - pyswarms.single.global_best - INFO - Optimize for 100 iters with {'c1': 0.5, 'c2': 0.3, 'w': 0.9}
2025-07-17 17:06:06,985 - pyswarms.single.global_best - INFO - Optimize for 100 iters with {'c1': 0.5, 'c2': 0.3, 'w': 0.9}
2025-07-21 13:29:38,781 - pyswarms.single.global_best - INFO - Optimize for 100 iters with {'c1': 0.5, 'c2': 0.3, 'w': 0.9}
2025-07-21 13:30:47,205 - pyswarms.single.global_best - INFO - Optimize for 100 iters with {'c1': 0.5, 'c2': 0.3, 'w': 0.9}
2025-07-21 13:31:24,441 - pyswarms.single.global_best - INFO - Optimize for 100 iters with {'c1': 0.5, 'c2': 0.3, 'w': 0.9}
2025-07-21 13:31:58,742 - pyswarms.single.global_best - INFO - Optimize for 100 iters with {'c1': 0.5, 'c2': 0.3, 'w': 0.9}
2025-07-21 13:32:29,865 - pyswarms.single.global_best - INFO - Optimize for 100 iters with {'c1': 0.5, 'c2': 0.3, 'w': 0.9}
2025-07-21 13:32:45,627 - pyswarms.single.global_best - INFO - Optimize for 100 iters with {'c1': 0.5, 'c2': 0.3, 'w': 0.9}
2025-07-21 13:33:45,783 - pyswarms.single.global_best - INFO - Optimize for 100 iters with {'c1': 0.5, 'c2': 0.3, 'w': 0.9}
2025-07-21 13:40:21,133 - pyswarms.single.global_best - INFO - Optimize for 100 iters with {'c1': 0.5, 'c2': 0.3, 'w': 0.9}
2025-07-21 13:41:15,115 - pyswarms.single.global_best - INFO - Optimize for 100 iters with {'c1': 0.5, 'c2': 0.3, 'w': 0.9}
2025-07-21 13:42:02,108 - pyswarms.single.global_best - INFO - Optimize for 100 iters with {'c1': 0.5, 'c2': 0.3, 'w': 0.9}
2025-07-21 13:42:26,204 - pyswarms.single.global_best - INFO - Optimize for 100 iters with {'c1': 0.5, 'c2': 0.3, 'w': 0.9}
2025-07-21 13:43:11,640 - pyswarms.single.global_best - INFO - Optimize for 100 iters with {'c1': 0.5, 'c2': 0.3, 'w': 0.9}
2025-07-21 13:44:15,222 - pyswarms.single.global_best - INFO - Optimize for 100 iters with {'c1': 0.5, 'c2': 0.3, 'w': 0.9}
2025-07-21 13:45:07,181 - pyswarms.single.global_best - INFO - Optimize for 100 iters with {'c1': 0.5, 'c2': 0.3, 'w': 0.9}
2025-07-21 13:45:40,087 - pyswarms.single.global_best - INFO - Optimize for 100 iters with {'c1': 0.5, 'c2': 0.3, 'w': 0.9}
2025-07-21 13:46:12,025 - pyswarms.single.global_best - INFO - Optimize for 100 iters with {'c1': 0.5, 'c2': 0.3, 'w': 0.9}
2025-07-21 13:48:41,622 - pyswarms.single.global_best - INFO - Optimize for 100 iters with {'c1': 0.5, 'c2': 0.3, 'w': 0.9}
2025-07-21 16:20:48,224 - pyswarms.single.global_best - INFO - Optimize for 100 iters with {'c1': 0.5, 'c2': 0.3, 'w': 0.9}
2025-07-21 16:21:08,921 - pyswarms.single.global_best - INFO - Optimize for 100 iters with {'c1': 0.5, 'c2': 0.3, 'w': 0.9}
2025-07-21 16:26:07,884 - pyswarms.single.global_best - INFO - Optimize for 100 iters with {'c1': 0.5, 'c2': 0.3, 'w': 0.9}
2025-07-21 16:27:02,420 - pyswarms.single.global_best - INFO - Optimize for 100 iters with {'c1': 0.5, 'c2': 0.3, 'w': 0.9}
2025-07-21 16:28:54,050 - pyswarms.single.global_best - INFO - Optimize for 100 iters with {'c1': 0.5, 'c2': 0.3, 'w': 0.9}
2025-07-21 17:20:30,841 - pyswarms.single.global_best - INFO - Optimize for 100 iters with {'c1': 0.5, 'c2': 0.3, 'w': 0.9}
2025-07-23 16:14:38,947 - pyswarms.single.global_best - INFO - Optimize for 100 iters with {'c1': 0.5, 'c2': 0.3, 'w': 0.9}
2025-07-23 16:22:26,148 - pyswarms.single.global_best - INFO - Optimize for 100 iters with {'c1': 0.5, 'c2': 0.3, 'w': 0.9}
2025-07-23 16:29:33,510 - pyswarms.single.global_best - INFO - Optimize for 100 iters with {'c1': 0.5, 'c2': 0.3, 'w': 0.9}
2025-07-23 16:31:11,193 - pyswarms.single.global_best - INFO - Optimize for 100 iters with {'c1': 0.5, 'c2': 0.3, 'w': 0.9}
2025-07-23 16:37:12,247 - pyswarms.single.global_best - INFO - Optimize for 100 iters with {'c1': 0.5, 'c2': 0.3, 'w': 0.9}
2025-07-23 16:37:35,093 - pyswarms.single.global_best - INFO - Optimize for 100 iters with {'c1': 0.5, 'c2': 0.3, 'w': 0.9}
2025-07-23 16:39:05,431 - pyswarms.single.global_best - INFO - Optimize for 100 iters with {'c1': 0.5, 'c2': 0.3, 'w': 0.9}
2025-07-23 16:39:33,754 - pyswarms.single.global_best - INFO - Optimize for 100 iters with {'c1': 0.5, 'c2': 0.3, 'w': 0.9}
2025-07-23 16:41:00,345 - pyswarms.single.global_best - INFO - Optimize for 2 iters with {'c1': 0.5, 'c2': 0.3, 'w': 0.9}
2025-07-23 16:41:43,353 - pyswarms.single.global_best - INFO - Optimize for 2 iters with {'c1': 0.5, 'c2': 0.3, 'w': 0.9}
2025-07-23 16:41:54,507 - pyswarms.single.global_best - INFO - Optimize for 2 iters with {'c1': 0.5, 'c2': 0.3, 'w': 0.9}
2025-07-23 16:42:09,313 - pyswarms.single.global_best - INFO - Optimize for 2 iters with {'c1': 0.5, 'c2': 0.3, 'w': 0.9}
2025-07-23 16:42:20,421 - pyswarms.single.global_best - INFO - Optimization finished | best cost: -2.121694e-05, best pos: [1.57325320e-07 4.56860378e-07 1.73066745e-07 3.23826184e-07
 1.03985011e-07 2.61630055e-07 4.14760134e-07 1.26597775e-07
 2.31547974e-07 3.72928272e-08 8.77229847e-08 1.90188688e-07
 2.04309749e-07 5.65940737e-08 8.68980566e-08 2.14755162e-07
 7.01705029e-08]
2025-07-24 12:20:55,120 - pyswarms.single.global_best - INFO - Optimize for 2 iters with {'c1': 0.5, 'c2': 0.3, 'w': 0.9}
2025-07-24 12:21:41,362 - pyswarms.single.global_best - INFO - Optimize for 2 iters with {'c1': 0.5, 'c2': 0.3, 'w': 0.9}
2025-07-24 12:22:09,398 - pyswarms.single.global_best - INFO - Optimize for 2 iters with {'c1': 0.5, 'c2': 0.3, 'w': 0.9}
2025-07-24 12:24:03,155 - pyswarms.single.global_best - INFO - Optimize for 2 iters with {'c1': 0.5, 'c2': 0.3, 'w': 0.9}
2025-07-24 12:25:25,745 - pyswarms.single.global_best - INFO - Optimize for 2 iters with {'c1': 0.5, 'c2': 0.3, 'w': 0.9}
2025-07-25 12:06:32,576 - pyswarms.single.global_best - INFO - Optimize for 2 iters with {'c1': 0.5, 'c2': 0.3, 'w': 0.9}
2025-07-25 12:07:00,641 - pyswarms.single.global_best - INFO - Optimize for 2 iters with {'c1': 0.5, 'c2': 0.3, 'w': 0.9}
2025-07-25 12:07:38,593 - pyswarms.single.global_best - INFO - Optimize for 2 iters with {'c1': 0.5, 'c2': 0.3, 'w': 0.9}
2025-07-25 12:08:09,251 - pyswarms.single.global_best - INFO - Optimize for 2 iters with {'c1': 0.5, 'c2': 0.3, 'w': 0.9}
2025-07-25 12:08:21,336 - pyswarms.single.global_best - INFO - Optimize for 2 iters with {'c1': 0.5, 'c2': 0.3, 'w': 0.9}
2025-07-25 12:08:45,540 - pyswarms.single.global_best - INFO - Optimize for 2 iters with {'c1': 0.5, 'c2': 0.3, 'w': 0.9}
2025-07-25 12:11:35,512 - pyswarms.single.global_best - INFO - Optimize for 2 iters with {'c1': 0.5, 'c2': 0.3, 'w': 0.9}
2025-07-25 12:22:05,572 - pyswarms.single.global_best - INFO - Optimize for 2 iters with {'c1': 0.5, 'c2': 0.3, 'w': 0.9}
2025-07-25 12:23:36,522 - pyswarms.single.global_best - INFO - Optimize for 2 iters with {'c1': 0.5, 'c2': 0.3, 'w': 0.9}
2025-07-25 12:23:49,361 - pyswarms.single.global_best - INFO - Optimization finished | best cost: -2.121694e-05, best pos: [3.04887993e-08 2.97937071e-07 3.24641510e-07 4.23242570e-07
 3.14336050e-08 1.88638192e-07 1.96262478e-08 3.65358688e-07
 1.44917469e-07 3.37270510e-07 1.45268372e-07 1.69893869e-07
 2.12091214e-07 2.62467187e-07 3.84915430e-07 4.82501812e-07
 1.15375958e-07]
2025-07-25 12:26:48,114 - pyswarms.single.global_best - INFO - Optimize for 2 iters with {'c1': 0.5, 'c2': 0.3, 'w': 0.9}
2025-07-25 13:48:42,360 - pyswarms.single.global_best - INFO - Optimize for 2 iters with {'c1': 0.5, 'c2': 0.3, 'w': 0.9}
2025-07-25 13:53:16,267 - pyswarms.single.global_best - INFO - Optimize for 2 iters with {'c1': 0.5, 'c2': 0.3, 'w': 0.9}
2025-07-25 13:53:53,346 - pyswarms.single.global_best - INFO - Optimize for 2 iters with {'c1': 0.5, 'c2': 0.3, 'w': 0.9}
2025-07-25 13:54:13,451 - pyswarms.single.global_best - INFO - Optimize for 2 iters with {'c1': 0.5, 'c2': 0.3, 'w': 0.9}
2025-07-25 13:55:20,924 - pyswarms.single.global_best - INFO - Optimize for 2 iters with {'c1': 0.5, 'c2': 0.3, 'w': 0.9}
2025-07-25 13:57:38,520 - pyswarms.single.global_best - INFO - Optimize for 2 iters with {'c1': 0.5, 'c2': 0.3, 'w': 0.9}
2025-07-25 13:58:18,077 - pyswarms.single.global_best - INFO - Optimize for 2 iters with {'c1': 0.5, 'c2': 0.3, 'w': 0.9}
2025-07-25 13:59:17,867 - pyswarms.single.global_best - INFO - Optimize for 2 iters with {'c1': 0.5, 'c2': 0.3, 'w': 0.9}
2025-07-25 14:01:30,105 - pyswarms.single.global_best - INFO - Optimize for 2 iters with {'c1': 0.5, 'c2': 0.3, 'w': 0.9}
2025-07-25 14:02:14,143 - pyswarms.single.global_best - INFO - Optimize for 2 iters with {'c1': 0.5, 'c2': 0.3, 'w': 0.9}
2025-07-25 14:03:06,121 - pyswarms.single.global_best - INFO - Optimize for 2 iters with {'c1': 0.5, 'c2': 0.3, 'w': 0.9}
2025-07-25 14:05:58,588 - pyswarms.single.global_best - INFO - Optimize for 2 iters with {'c1': 0.5, 'c2': 0.3, 'w': 0.9}
2025-07-25 14:06:38,122 - pyswarms.single.global_best - INFO - Optimize for 2 iters with {'c1': 0.5, 'c2': 0.3, 'w': 0.9}
2025-07-25 14:13:19,917 - pyswarms.single.global_best - INFO - Optimize for 2 iters with {'c1': 0.5, 'c2': 0.3, 'w': 0.9}
2025-07-25 14:13:35,170 - pyswarms.single.global_best - INFO - Optimization finished | best cost: -2.121694e-05, best pos: [4.33179082e-07 6.46103877e-08 9.18547337e-08 3.80484883e-07
 2.74030332e-07 1.53469500e-07 2.78685000e-07 4.79947227e-07
 1.43474706e-07 2.28055392e-07 4.35583728e-07 3.98346941e-07
 2.79454645e-07 1.91221335e-07 2.32124242e-07 3.12421653e-07
 1.64719954e-08]
2025-07-25 14:14:46,676 - pyswarms.single.global_best - INFO - Optimize for 2 iters with {'c1': 0.5, 'c2': 0.3, 'w': 0.9}
2025-07-25 14:15:01,629 - pyswarms.single.global_best - INFO - Optimization finished | best cost: -2.121694e-05, best pos: [1.39303820e-07 2.42894224e-07 1.23542916e-07 1.89932521e-07
 1.53159205e-07 4.47947962e-07 1.24849020e-07 2.18275310e-07
 4.12731995e-07 1.19289746e-07 2.36466083e-08 3.50369168e-07
 1.30734996e-07 3.45918530e-07 1.55456573e-07 2.39012849e-07
 2.76264493e-07]
2025-07-25 14:22:43,610 - pyswarms.single.global_best - INFO - Optimize for 2 iters with {'c1': 0.5, 'c2': 0.3, 'w': 0.9}
2025-07-25 14:22:58,643 - pyswarms.single.global_best - INFO - Optimization finished | best cost: -2.121694e-05, best pos: [2.75402885e-07 1.80981347e-07 3.76775399e-07 2.77324686e-07
 4.76484551e-07 4.51204477e-08 4.30494159e-07 2.61240695e-07
 2.16611942e-07 4.92642988e-07 1.45055154e-07 2.86692778e-07
 1.31553420e-07 1.76149694e-07 3.11982577e-07 7.50338956e-08
 4.66658259e-07]
2025-07-25 14:27:37,669 - pyswarms.single.global_best - INFO - Optimize for 2 iters with {'c1': 0.5, 'c2': 0.3, 'w': 0.9}
2025-07-25 14:27:52,669 - pyswarms.single.global_best - INFO - Optimization finished | best cost: -2.121694e-05, best pos: [2.04574520e-07 3.63380999e-07 4.00193563e-07 2.74477827e-08
 3.24048993e-07 3.35224713e-07 2.48052617e-07 1.47644173e-07
 7.59810677e-08 2.39834329e-07 7.66430055e-08 4.28213844e-07
 2.92285896e-07 1.50922014e-07 3.08530073e-07 4.77241310e-07
 4.75362146e-07]
2025-07-25 14:30:36,503 - pyswarms.single.global_best - INFO - Optimize for 2 iters with {'c1': 0.5, 'c2': 0.3, 'w': 0.9}
2025-07-25 14:30:52,666 - pyswarms.single.global_best - INFO - Optimization finished | best cost: -2.121694e-05, best pos: [4.85843944e-07 2.77977759e-07 4.94192612e-07 3.59457083e-08
 3.02421131e-07 1.90022767e-07 4.62179000e-07 4.32477627e-07
 4.84505797e-07 3.15746441e-08 2.96051831e-07 2.97585316e-07
 2.42963486e-08 2.77117125e-07 4.48881813e-07 2.97075053e-07
 2.66032533e-07]
2025-07-25 14:32:56,944 - pyswarms.single.global_best - INFO - Optimize for 2 iters with {'c1': 0.5, 'c2': 0.3, 'w': 0.9}
2025-07-25 14:33:12,143 - pyswarms.single.global_best - INFO - Optimization finished | best cost: -2.121694e-05, best pos: [4.27139978e-07 2.04801108e-07 4.40792421e-07 4.32142857e-07
 3.37131000e-07 1.54349696e-07 2.49674461e-07 4.62836270e-07
 1.70665599e-07 1.72011364e-07 4.44900439e-07 9.12839687e-08
 3.54489419e-07 4.06197401e-07 1.44188556e-07 3.58513356e-07
 2.40667905e-07]
2025-07-25 14:33:30,768 - pyswarms.single.global_best - INFO - Optimize for 2 iters with {'c1': 0.5, 'c2': 0.3, 'w': 0.9}
2025-07-25 14:33:46,013 - pyswarms.single.global_best - INFO - Optimization finished | best cost: -2.121694e-05, best pos: [2.67998931e-07 1.49315791e-07 2.54067542e-07 4.05334660e-07
 5.09349881e-08 1.02340602e-07 1.78096962e-07 1.85411009e-07
 4.12978534e-07 2.09493061e-08 1.82058170e-07 4.78228244e-07
 2.46636140e-07 4.67425810e-07 8.22440459e-08 4.88930231e-07
 4.03313013e-07]
2025-07-25 14:34:19,217 - pyswarms.single.global_best - INFO - Optimize for 2 iters with {'c1': 0.5, 'c2': 0.3, 'w': 0.9}
2025-07-25 14:34:34,411 - pyswarms.single.global_best - INFO - Optimization finished | best cost: -2.121694e-05, best pos: [2.27575641e-07 4.75687475e-07 2.92904289e-08 1.34252688e-07
 2.73385772e-07 8.82587060e-08 1.62871817e-07 2.33269700e-07
 3.75744891e-07 3.69278472e-07 2.50827816e-07 2.92402780e-07
 3.87633453e-07 3.86387984e-07 1.12195458e-07 4.95299638e-07
 2.90812019e-07]
2025-07-25 14:34:43,569 - pyswarms.single.global_best - INFO - Optimize for 2 iters with {'c1': 0.5, 'c2': 0.3, 'w': 0.9}
2025-07-25 14:34:58,921 - pyswarms.single.global_best - INFO - Optimization finished | best cost: -2.121694e-05, best pos: [4.60414916e-07 4.37994676e-07 2.62170063e-07 4.88719272e-07
 3.20811690e-07 2.01745713e-07 3.52655432e-07 7.12539619e-08
 4.55512350e-07 8.13877181e-08 1.90734876e-07 3.12513934e-07
 1.80890256e-07 4.69635385e-07 1.46748536e-07 1.06918123e-07
 2.90244305e-07]
2025-07-25 14:51:37,608 - pyswarms.single.global_best - INFO - Optimize for 2 iters with {'c1': 0.5, 'c2': 0.3, 'w': 0.9}
2025-07-25 14:58:28,273 - pyswarms.single.global_best - INFO - Optimize for 2 iters with {'c1': 0.5, 'c2': 0.3, 'w': 0.9}
2025-07-25 15:00:27,319 - pyswarms.single.global_best - INFO - Optimize for 2 iters with {'c1': 0.5, 'c2': 0.3, 'w': 0.9}
2025-07-25 15:01:10,064 - pyswarms.single.global_best - INFO - Optimize for 2 iters with {'c1': 0.5, 'c2': 0.3, 'w': 0.9}
2025-07-25 15:16:22,631 - pyswarms.single.global_best - INFO - Optimize for 2 iters with {'c1': 0.5, 'c2': 0.3, 'w': 0.9}
2025-07-25 15:19:13,930 - pyswarms.single.global_best - INFO - Optimize for 2 iters with {'c1': 0.5, 'c2': 0.3, 'w': 0.9}
2025-07-25 15:20:59,959 - pyswarms.single.global_best - INFO - Optimize for 2 iters with {'c1': 0.5, 'c2': 0.3, 'w': 0.9}
2025-07-25 15:21:15,115 - pyswarms.single.global_best - INFO - Optimization finished | best cost: -2.121694e-05, best pos: [6.70414148e-08 4.01541181e-07 4.77227091e-07 1.54125967e-07
 2.78419044e-08 4.35894766e-07 3.10758433e-07 2.04767497e-07
 1.64021985e-07 1.41278272e-07 4.86413907e-07 5.75598711e-08
 3.75910441e-07 3.62149924e-07 4.14235070e-07 4.91056831e-07
 2.30344354e-07]
2025-07-25 15:42:27,430 - pyswarms.single.global_best - INFO - Optimize for 2 iters with {'c1': 0.5, 'c2': 0.3, 'w': 0.9}
2025-07-25 15:42:49,469 - pyswarms.single.global_best - INFO - Optimize for 2 iters with {'c1': 0.5, 'c2': 0.3, 'w': 0.9}
2025-07-25 15:43:56,884 - pyswarms.single.global_best - INFO - Optimize for 2 iters with {'c1': 0.5, 'c2': 0.3, 'w': 0.9}
2025-07-25 15:45:47,650 - pyswarms.single.global_best - INFO - Optimize for 2 iters with {'c1': 0.5, 'c2': 0.3, 'w': 0.9}
2025-07-25 16:21:26,921 - pyswarms.single.global_best - INFO - Optimize for 2 iters with {'c1': 0.5, 'c2': 0.3, 'w': 0.9}
2025-07-25 16:41:44,859 - pyswarms.single.global_best - INFO - Optimize for 2 iters with {'c1': 0.5, 'c2': 0.3, 'w': 0.9}
2025-07-25 16:41:56,822 - pyswarms.single.global_best - INFO - Optimization finished | best cost: -2.121694e-05, best pos: [4.46067206e-07 2.58415489e-07 2.06899883e-07 4.71802062e-07
 4.31652998e-08 4.63768795e-08 2.92766634e-07 9.22645504e-08
 9.69117981e-08 3.79629692e-07 1.26300764e-07 3.95842457e-07
 3.76751557e-07 4.64722845e-07 1.04352657e-07 2.25544882e-07
 1.95796646e-07]
2025-07-25 16:43:58,104 - pyswarms.single.global_best - INFO - Optimize for 2 iters with {'c1': 0.5, 'c2': 0.3, 'w': 0.9}
2025-07-25 16:44:10,835 - pyswarms.single.global_best - INFO - Optimization finished | best cost: -2.121694e-05, best pos: [4.31125269e-08 3.24689427e-07 2.75519793e-07 1.72910765e-07
 3.25729602e-08 2.65310554e-07 3.60188324e-07 1.72454013e-07
 3.31232410e-07 8.80439762e-08 1.44208047e-07 1.69399367e-07
 3.93700161e-07 7.19093995e-08 4.58237410e-07 2.46179449e-07
 7.02373000e-08]
2025-07-25 16:44:21,967 - pyswarms.single.global_best - INFO - Optimize for 2 iters with {'c1': 0.5, 'c2': 0.3, 'w': 0.9}
2025-07-25 16:44:33,914 - pyswarms.single.global_best - INFO - Optimization finished | best cost: -2.121694e-05, best pos: [3.34562265e-07 4.85474649e-07 2.45028932e-07 3.74297141e-08
 2.98746819e-07 2.02322247e-07 4.45576277e-07 2.64086849e-07
 6.29090187e-08 4.79055864e-07 2.42024073e-07 7.24561650e-08
 4.67102463e-07 8.89395998e-08 4.55947058e-07 3.10921549e-07
 4.91899918e-07]
2025-07-25 16:45:22,774 - pyswarms.single.global_best - INFO - Optimize for 2 iters with {'c1': 0.5, 'c2': 0.3, 'w': 0.9}
2025-07-25 16:45:33,803 - pyswarms.single.global_best - INFO - Optimization finished | best cost: -2.121694e-05, best pos: [3.96360772e-07 3.87598506e-07 3.32439423e-07 6.76562468e-08
 2.70916702e-07 4.29897140e-07 3.55169805e-07 3.21218339e-07
 3.12694846e-07 3.92674376e-07 4.26848612e-07 4.41888008e-07
 2.16146313e-07 2.46864330e-07 5.27608791e-08 3.79579618e-07
 4.80137309e-07]
2025-07-25 16:46:48,775 - pyswarms.single.global_best - INFO - Optimize for 2 iters with {'c1': 0.5, 'c2': 0.3, 'w': 0.9}
2025-07-25 16:53:03,727 - pyswarms.single.global_best - INFO - Optimize for 2 iters with {'c1': 0.5, 'c2': 0.3, 'w': 0.9}
2025-07-25 16:53:16,438 - pyswarms.single.global_best - INFO - Optimize for 2 iters with {'c1': 0.5, 'c2': 0.3, 'w': 0.9}
2025-07-25 16:55:01,409 - pyswarms.single.global_best - INFO - Optimize for 2 iters with {'c1': 0.5, 'c2': 0.3, 'w': 0.9}
2025-07-25 16:55:18,006 - pyswarms.single.global_best - INFO - Optimize for 2 iters with {'c1': 0.5, 'c2': 0.3, 'w': 0.9}
2025-07-25 16:55:33,378 - pyswarms.single.global_best - INFO - Optimization finished | best cost: -2.121694e-05, best pos: [1.76436689e-07 3.27850642e-07 1.07530505e-07 2.47219109e-07
 4.30982014e-07 3.02927313e-07 1.10394073e-07 4.32876535e-07
 3.99319354e-07 5.45914779e-08 5.38007308e-08 1.59386506e-07
 2.28676771e-07 2.58166100e-07 8.04531969e-08 1.88528619e-08
 2.02314872e-07]
2025-07-25 16:59:59,205 - pyswarms.single.global_best - INFO - Optimize for 2 iters with {'c1': 0.5, 'c2': 0.3, 'w': 0.9}
2025-07-25 17:00:13,356 - pyswarms.single.global_best - INFO - Optimization finished | best cost: -2.121694e-05, best pos: [4.38978554e-07 2.40834776e-07 4.47384669e-07 1.92497295e-07
 2.60978596e-07 1.42401279e-07 4.81408878e-07 1.50064180e-07
 3.14665899e-07 3.98402943e-07 2.85537572e-08 2.12355871e-07
 8.26655141e-08 3.78484259e-07 8.19412371e-08 1.26473069e-07
 1.44165317e-07]
2025-07-25 17:00:18,582 - pyswarms.single.global_best - INFO - Optimize for 2 iters with {'c1': 0.5, 'c2': 0.3, 'w': 0.9}
2025-07-25 17:00:40,512 - pyswarms.single.global_best - INFO - Optimization finished | best cost: -2.121694e-05, best pos: [4.22646266e-07 2.03945726e-07 2.15032179e-07 1.74207553e-07
 4.85141108e-07 9.31713706e-08 3.87198443e-07 2.73668344e-07
 4.22634702e-07 7.00903261e-08 4.75627637e-07 8.52518162e-08
 2.10876964e-07 9.41125794e-08 1.96505561e-07 3.70507687e-08
 4.75768035e-08]
2025-07-25 17:00:46,691 - pyswarms.single.global_best - INFO - Optimize for 2 iters with {'c1': 0.5, 'c2': 0.3, 'w': 0.9}
2025-07-25 17:02:45,268 - pyswarms.single.global_best - INFO - Optimization finished | best cost: -2.121694e-05, best pos: [1.18384793e-07 3.67358641e-07 1.66611358e-07 3.22783720e-07
 2.42080553e-07 4.70790462e-07 3.83339702e-07 3.37761653e-07
 4.23019995e-07 2.28968903e-07 2.62817443e-07 2.08901581e-07
 4.76770120e-07 4.72899002e-07 1.54969036e-07 4.69440423e-07
 1.57394599e-07]
2025-07-25 17:28:38,981 - pyswarms.single.global_best - INFO - Optimize for 2 iters with {'c1': 0.5, 'c2': 0.3, 'w': 0.9}
2025-07-25 17:30:05,579 - pyswarms.single.global_best - INFO - Optimize for 2 iters with {'c1': 0.5, 'c2': 0.3, 'w': 0.9}
2025-07-25 17:34:18,107 - pyswarms.single.global_best - INFO - Optimize for 2 iters with {'c1': 0.5, 'c2': 0.3, 'w': 0.9}
2025-07-25 17:34:54,645 - pyswarms.single.global_best - INFO - Optimize for 2 iters with {'c1': 0.5, 'c2': 0.3, 'w': 0.9}
2025-07-25 17:35:44,981 - pyswarms.single.global_best - INFO - Optimize for 2 iters with {'c1': 0.5, 'c2': 0.3, 'w': 0.9}
2025-07-25 17:46:05,621 - pyswarms.single.global_best - INFO - Optimize for 2 iters with {'c1': 0.5, 'c2': 0.3, 'w': 0.9}
2025-07-25 17:46:28,219 - pyswarms.single.global_best - INFO - Optimization finished | best cost: -2.121694e-05, best pos: [4.97832357e-07 2.36785232e-07 8.45557499e-08 4.13097190e-07
 4.66892586e-07 2.66538744e-07 3.37341795e-07 1.11131464e-07
 2.37074009e-07 6.20058234e-08 1.25997764e-07 1.73173490e-07
 3.96494574e-07 1.29255095e-07 1.23530771e-07 4.35441553e-08
 2.68916125e-07]
2025-07-25 17:47:10,634 - pyswarms.single.global_best - INFO - Optimize for 2 iters with {'c1': 0.5, 'c2': 0.3, 'w': 0.9}
2025-07-25 17:48:00,461 - pyswarms.single.global_best - INFO - Optimize for 2 iters with {'c1': 0.5, 'c2': 0.3, 'w': 0.9}
2025-07-25 17:48:29,124 - pyswarms.single.global_best - INFO - Optimize for 2 iters with {'c1': 0.5, 'c2': 0.3, 'w': 0.9}
2025-07-28 13:31:26,065 - pyswarms.single.global_best - INFO - Optimize for 2 iters with {'c1': 0.5, 'c2': 0.3, 'w': 0.9}
2025-07-28 13:35:13,357 - pyswarms.single.global_best - INFO - Optimize for 2 iters with {'c1': 0.5, 'c2': 0.3, 'w': 0.9}
2025-07-28 13:37:05,572 - pyswarms.single.global_best - INFO - Optimize for 2 iters with {'c1': 0.5, 'c2': 0.3, 'w': 0.9}
2025-07-28 13:37:28,223 - pyswarms.single.global_best - INFO - Optimization finished | best cost: -2.121694e-05, best pos: [1.19964373e-07 7.63223850e-08 3.69067910e-08 2.80658822e-07
 4.94551459e-07 1.67659080e-07 2.01807616e-07 2.36492761e-07
 1.88123634e-07 3.25538624e-07 3.57347742e-07 1.17311761e-07
 4.86045501e-07 2.45857709e-07 2.50953205e-07 1.39129578e-07
 4.36316348e-08]
2025-07-28 13:37:50,939 - pyswarms.single.global_best - INFO - Optimize for 2 iters with {'c1': 0.5, 'c2': 0.3, 'w': 0.9}
2025-07-28 13:38:14,679 - pyswarms.single.global_best - INFO - Optimization finished | best cost: -2.121694e-05, best pos: [2.44377496e-07 2.39983950e-07 1.79516491e-07 1.40731207e-07
 1.57277790e-07 3.77050559e-07 3.63134491e-08 9.03426616e-08
 2.77257407e-07 2.90058939e-08 3.94433755e-07 3.97729952e-07
 6.63337087e-08 1.64231526e-07 4.22681256e-07 4.42916119e-07
 1.81297028e-07]
2025-07-28 13:38:44,030 - pyswarms.single.global_best - INFO - Optimize for 2 iters with {'c1': 0.5, 'c2': 0.3, 'w': 0.9}
2025-07-28 13:39:32,836 - pyswarms.single.global_best - INFO - Optimize for 2 iters with {'c1': 0.5, 'c2': 0.3, 'w': 0.9}
2025-07-28 13:40:39,905 - pyswarms.single.global_best - INFO - Optimize for 2 iters with {'c1': 0.5, 'c2': 0.3, 'w': 0.9}
2025-07-28 13:42:14,280 - pyswarms.single.global_best - INFO - Optimize for 2 iters with {'c1': 0.5, 'c2': 0.3, 'w': 0.9}
2025-07-28 13:42:36,875 - pyswarms.single.global_best - INFO - Optimization finished | best cost: -inf, best pos: [3.49877556e-07 4.49013369e-07 3.79339604e-08 2.34831011e-07
 4.88992867e-07 3.48707385e-07 1.95252020e-07 4.68410978e-07
 4.48479338e-07 1.58769328e-07 2.39133586e-07 4.14437042e-07
 3.99147977e-08 4.45942329e-07 3.15883544e-07 6.61287299e-08
 3.40030258e-08]
2025-07-31 12:22:21,642 - pyswarms.single.global_best - INFO - Optimize for 2 iters with {'c1': 0.5, 'c2': 0.3, 'w': 0.9}
2025-07-31 12:22:44,956 - pyswarms.single.global_best - INFO - Optimization finished | best cost: 0.5, best pos: [2.31091858e-07 4.74606196e-07 3.89586021e-07 3.27177026e-07
 7.71362348e-08 3.19827398e-07 1.35948953e-07 6.26720752e-08
 4.51095033e-07 5.38344080e-08 4.19899082e-08 4.96361962e-07
 1.31350823e-07 2.65612107e-07 4.49729224e-07 9.69858917e-08
 2.03486538e-07]
2025-07-31 13:12:43,274 - pyswarms.single.global_best - INFO - Optimize for 5 iters with {'c1': 0.5, 'c2': 0.3, 'w': 0.9}
2025-07-31 13:13:41,141 - pyswarms.single.global_best - INFO - Optimization finished | best cost: 0.5, best pos: [2.33356671e-07 2.97413636e-07 1.77249679e-07 2.61956315e-08
 9.63899505e-08 4.95886359e-07 7.99851004e-08 2.76339583e-07
 2.62509853e-07 1.04804673e-07 3.41456183e-07 1.07088647e-07
 2.72623482e-07 1.13731389e-07 1.63101436e-08 3.04441331e-07
 4.07670341e-07]
2025-07-31 13:23:16,536 - pyswarms.single.global_best - INFO - Optimize for 5 iters with {'c1': 0.5, 'c2': 0.3, 'w': 0.9}
2025-07-31 13:24:10,596 - pyswarms.single.global_best - INFO - Optimization finished | best cost: 0.5, best pos: [1.19403260e-07 1.26237973e-07 2.42162310e-07 2.86023834e-07
 3.87585454e-07 8.39377870e-08 2.13825940e-07 9.62430478e-08
 2.19817217e-07 3.08864020e-07 3.76538733e-07 2.49946360e-07
 3.61266116e-07 4.35409986e-07 2.67746040e-07 1.39540139e-07
 3.02714955e-07]
2025-07-31 13:25:06,349 - pyswarms.single.global_best - INFO - Optimize for 2 iters with {'c1': 0.5, 'c2': 0.3, 'w': 0.9}
2025-07-31 13:25:22,843 - pyswarms.single.global_best - INFO - Optimization finished | best cost: 0.5, best pos: [4.36843052e-07 4.92033602e-07 3.43861937e-08 3.38312595e-07
 4.37764389e-07 1.70607621e-07 3.40109446e-07 4.10183005e-07
 1.37764863e-07 2.32518115e-07 1.64573064e-07 3.97642784e-07
 4.26003477e-08 1.27257967e-07 3.14758836e-07 3.86310352e-07
 1.93790372e-07]
2025-07-31 13:26:53,389 - pyswarms.single.global_best - INFO - Optimize for 2 iters with {'c1': 0.5, 'c2': 0.3, 'w': 0.9}
2025-07-31 13:27:09,609 - pyswarms.single.global_best - INFO - Optimization finished | best cost: 0.5, best pos: [2.83977777e-07 4.52434798e-07 3.61973503e-07 1.99226285e-07
 2.19227110e-07 4.91744109e-07 3.31200581e-07 3.94316457e-07
 1.29033954e-07 3.41249969e-07 6.30937475e-08 4.82535918e-07
 1.98925825e-07 2.70621125e-07 3.87199685e-07 2.61133598e-07
 3.41493075e-08]
2025-07-31 13:32:04,063 - pyswarms.single.global_best - INFO - Optimize for 2 iters with {'c1': 0.5, 'c2': 0.3, 'w': 0.9}
2025-07-31 13:32:26,958 - pyswarms.single.global_best - INFO - Optimization finished | best cost: 0.5, best pos: [1.81484063e-07 8.83234528e-08 3.82244036e-07 3.06352915e-07
 7.63512598e-08 5.74531311e-08 3.63898088e-07 3.97501211e-07
 9.20355661e-08 2.74858865e-07 1.50641380e-07 4.90115445e-07
 3.33511146e-07 3.90718703e-07 1.81242273e-07 3.26514111e-07
 3.37938053e-07]
2025-07-31 13:32:38,080 - pyswarms.single.global_best - INFO - Optimize for 2 iters with {'c1': 0.5, 'c2': 0.3, 'w': 0.9}
2025-07-31 13:32:59,701 - pyswarms.single.global_best - INFO - Optimization finished | best cost: 0.5, best pos: [9.51620189e-08 5.40611245e-08 4.44534396e-08 7.02626338e-08
 4.91411623e-07 4.82919713e-07 8.72996636e-08 3.54845837e-08
 3.71965349e-07 7.28502437e-08 1.79439714e-08 4.35371728e-07
 2.99372035e-07 2.99511042e-07 1.70887627e-07 3.32911908e-07
 2.87353413e-07]
2025-07-31 13:34:58,197 - pyswarms.single.global_best - INFO - Optimize for 2 iters with {'c1': 0.5, 'c2': 0.3, 'w': 0.9}
2025-07-31 13:35:19,656 - pyswarms.single.global_best - INFO - Optimization finished | best cost: 0.5, best pos: [3.82209471e-07 1.73539680e-07 2.84124429e-07 8.45197298e-08
 3.26029603e-07 1.30632476e-07 2.64515827e-07 2.20564838e-07
 1.83510887e-08 3.39101476e-07 1.76939497e-07 2.36323967e-07
 1.07179997e-07 4.55192559e-07 1.73355215e-07 4.96342873e-07
 3.23184207e-07]
2025-07-31 14:28:18,334 - pyswarms.single.global_best - INFO - Optimize for 2 iters with {'c1': 0.5, 'c2': 0.3, 'w': 0.9}
2025-07-31 14:28:40,506 - pyswarms.single.global_best - INFO - Optimization finished | best cost: 0.5, best pos: [4.20478750e-07 1.14467106e-07 2.39947500e-07 4.19526211e-07
 1.73835667e-08 1.95983663e-07 3.39666246e-07 1.58138410e-07
 1.48455679e-07 2.30502294e-07 2.02255465e-08 1.30364484e-07
 2.78200814e-07 2.64147656e-07 1.65163595e-07 3.50667757e-07
 3.86655743e-07]
2025-07-31 14:29:11,031 - pyswarms.single.global_best - INFO - Optimize for 2 iters with {'c1': 0.5, 'c2': 0.3, 'w': 0.9}
2025-07-31 14:29:32,496 - pyswarms.single.global_best - INFO - Optimization finished | best cost: 0.5, best pos: [6.82713467e-08 4.34172236e-08 2.61879693e-07 5.12913421e-08
 2.37605687e-07 4.84556763e-08 3.83101122e-07 1.99188512e-08
 1.08251957e-07 2.15413157e-07 1.84746058e-07 4.00296104e-07
 9.21853618e-08 2.81228386e-08 4.64008177e-07 2.68561049e-07
 3.30532958e-07]
2025-07-31 14:30:16,457 - pyswarms.single.global_best - INFO - Optimize for 2 iters with {'c1': 0.5, 'c2': 0.3, 'w': 0.9}
2025-07-31 14:30:39,599 - pyswarms.single.global_best - INFO - Optimization finished | best cost: 0.5, best pos: [3.73770200e-07 2.74472566e-07 2.71739565e-07 6.51127307e-08
 4.73398673e-07 2.79523823e-07 1.71679221e-07 3.76026440e-08
 2.18365182e-08 4.04165865e-07 2.22244575e-08 1.87976894e-07
 4.75459237e-07 9.83933501e-08 1.98099175e-07 2.45168983e-07
 2.30429835e-07]
2025-07-31 14:33:50,121 - pyswarms.single.global_best - INFO - Optimize for 2 iters with {'c1': 0.5, 'c2': 0.3, 'w': 0.9}
2025-07-31 14:36:19,386 - pyswarms.single.global_best - INFO - Optimize for 2 iters with {'c1': 0.5, 'c2': 0.3, 'w': 0.9}
2025-07-31 14:36:39,043 - pyswarms.single.global_best - INFO - Optimization finished | best cost: 0.5, best pos: [4.83982679e-07 9.78509927e-08 8.05313866e-08 3.91677854e-07
 2.15865328e-07 2.54325127e-07 3.96141563e-07 4.85021908e-07
 1.10556377e-07 4.35931867e-07 1.94771331e-07 4.57028018e-07
 9.15828717e-08 4.28839036e-07 2.09512687e-07 1.33484298e-07
 3.07841636e-07]
2025-07-31 14:37:46,210 - pyswarms.single.global_best - INFO - Optimize for 2 iters with {'c1': 0.5, 'c2': 0.3, 'w': 0.9}
2025-07-31 14:39:34,970 - pyswarms.single.global_best - INFO - Optimize for 2 iters with {'c1': 0.5, 'c2': 0.3, 'w': 0.9}
2025-07-31 14:39:56,684 - pyswarms.single.global_best - INFO - Optimize for 2 iters with {'c1': 0.5, 'c2': 0.3, 'w': 0.9}
2025-07-31 14:40:32,582 - pyswarms.single.global_best - INFO - Optimize for 2 iters with {'c1': 0.5, 'c2': 0.3, 'w': 0.9}
2025-07-31 14:40:51,822 - pyswarms.single.global_best - INFO - Optimization finished | best cost: 0.5, best pos: [4.59183890e-07 2.51326151e-07 2.17208154e-07 4.98287760e-07
 4.72409027e-07 6.25859302e-08 6.28873796e-08 1.62301255e-07
 4.30234067e-07 1.95804967e-07 3.25059734e-07 3.28667988e-07
 3.32750144e-07 4.20394151e-07 2.91331089e-07 4.69624105e-07
 1.20119203e-07]
2025-07-31 14:43:53,315 - pyswarms.single.global_best - INFO - Optimize for 2 iters with {'c1': 0.5, 'c2': 0.3, 'w': 0.9}
2025-07-31 14:44:24,131 - pyswarms.single.global_best - INFO - Optimization finished | best cost: 0.5, best pos: [4.05142177e-07 1.72286758e-07 2.91567648e-07 4.02204866e-07
 2.44577677e-07 3.89372928e-07 9.07048646e-08 9.80557946e-08
 1.99692397e-07 1.66506132e-07 4.65348363e-07 1.59962026e-07
 2.57435383e-07 1.76078198e-07 3.96423081e-07 2.86610633e-07
 2.59220196e-07]
2025-07-31 14:45:25,855 - pyswarms.single.global_best - INFO - Optimize for 5 iters with {'c1': 0.5, 'c2': 0.3, 'w': 0.9}
2025-07-31 14:46:40,968 - pyswarms.single.global_best - INFO - Optimization finished | best cost: 0.5, best pos: [3.81164990e-07 1.46979347e-07 2.75512018e-07 4.11261325e-07
 3.30448884e-07 4.14776156e-07 2.11522297e-07 9.22842932e-08
 3.24963406e-08 2.79637644e-07 2.63354821e-07 3.66688716e-07
 1.81349546e-07 4.33430964e-07 3.90531115e-07 3.76876504e-07
 2.41880109e-07]
2025-07-31 14:48:58,051 - pyswarms.single.global_best - INFO - Optimize for 5 iters with {'c1': 0.5, 'c2': 0.3, 'w': 0.9}
2025-07-31 14:50:13,854 - pyswarms.single.global_best - INFO - Optimization finished | best cost: 0.0, best pos: [3.34027172e-07 4.51005864e-07 3.83174051e-07 4.33673190e-07
 1.65445719e-07 2.94863399e-07 1.10312189e-07 4.18265045e-07
 4.16709623e-07 1.70877994e-07 7.46872066e-08 3.00327725e-07
 2.63666560e-08 2.61847679e-07 1.89959081e-07 2.92748798e-07
 4.07946470e-07]
2025-07-31 14:57:35,715 - pyswarms.single.global_best - INFO - Optimize for 5 iters with {'c1': 0.5, 'c2': 0.3, 'w': 0.9}
2025-07-31 14:58:52,668 - pyswarms.single.global_best - INFO - Optimization finished | best cost: 0.0, best pos: [4.79723863e-07 3.41917968e-07 4.73898719e-07 1.19979599e-07
 4.85965743e-07 4.27354045e-07 4.42790366e-07 1.77138987e-07
 4.79315822e-08 4.70084066e-07 1.89318370e-07 1.29836787e-07
 4.71488562e-07 2.28920397e-07 4.51716132e-07 6.02930691e-08
 2.22093827e-07]
2025-07-31 15:02:16,489 - pyswarms.single.global_best - INFO - Optimize for 5 iters with {'c1': 0.5, 'c2': 0.3, 'w': 0.9}
2025-07-31 15:03:55,528 - pyswarms.single.global_best - INFO - Optimization finished | best cost: 0.5, best pos: [8.08703838e-08 4.78144057e-07 6.27142751e-08 1.38981183e-07
 3.26831488e-07 3.26976906e-07 3.30683403e-07 5.99683641e-08
 1.40786093e-07 3.06820878e-08 3.03000558e-07 2.83290292e-07
 1.23513941e-07 5.82948268e-08 3.28204044e-07 2.11515046e-07
 4.57316551e-07]
2025-07-31 15:09:35,391 - pyswarms.single.global_best - INFO - Optimize for 5 iters with {'c1': 0.5, 'c2': 0.3, 'w': 0.9}
2025-07-31 15:11:16,141 - pyswarms.single.global_best - INFO - Optimization finished | best cost: 0.5, best pos: [2.29411088e-07 4.83494113e-07 1.59501164e-07 3.53291732e-07
 1.90403841e-07 4.59162643e-07 2.80495358e-07 4.58395210e-07
 4.54368843e-07 1.14583550e-07 1.14652052e-07 4.16061816e-07
 1.05918130e-07 4.88688354e-07 2.77836729e-07 2.88487694e-07
 4.01963275e-07]
2025-07-31 15:13:16,498 - pyswarms.single.global_best - INFO - Optimize for 5 iters with {'c1': 0.5, 'c2': 0.3, 'w': 0.9}
2025-07-31 15:14:52,997 - pyswarms.single.global_best - INFO - Optimization finished | best cost: 0.5, best pos: [4.20914076e-07 4.48464560e-07 3.15766603e-07 4.21610651e-07
 2.08467697e-07 2.76028171e-07 1.51620959e-07 2.20640254e-07
 2.02788523e-08 3.30684601e-07 2.06744258e-07 2.36987467e-07
 1.81540470e-07 1.45713405e-07 1.74354710e-07 2.52758411e-07
 3.83939583e-07]
2025-07-31 15:28:51,286 - pyswarms.single.global_best - INFO - Optimize for 5 iters with {'c1': 0.5, 'c2': 0.3, 'w': 0.9}
2025-07-31 15:30:28,213 - pyswarms.single.global_best - INFO - Optimization finished | best cost: 0.5, best pos: [4.57128413e-07 2.73562450e-07 1.52098784e-07 1.76493802e-07
 1.04309855e-07 2.09796404e-07 3.94712682e-07 2.33262893e-07
 4.75928425e-07 3.77361366e-07 3.53358469e-07 1.65927639e-07
 4.68103358e-07 2.17451061e-07 4.45536622e-07 3.42330564e-07
 2.09012302e-07]
2025-07-31 15:31:47,899 - pyswarms.single.global_best - INFO - Optimize for 5 iters with {'c1': 0.5, 'c2': 0.3, 'w': 0.9}
2025-07-31 15:32:10,799 - pyswarms.single.global_best - INFO - Optimize for 5 iters with {'c1': 0.5, 'c2': 0.3, 'w': 0.9}
2025-07-31 15:33:51,317 - pyswarms.single.global_best - INFO - Optimization finished | best cost: 0.5, best pos: [1.76227726e-07 5.01332607e-08 4.77363483e-07 3.20077094e-07
 6.39058805e-08 8.67899423e-08 3.84806795e-07 3.60724163e-07
 2.16239577e-07 2.38915716e-07 4.50047728e-07 2.66153639e-07
 2.71065338e-08 3.38333933e-07 2.04612742e-07 5.76352332e-08
 3.88690928e-08]
2025-07-31 16:05:06,524 - pyswarms.single.global_best - INFO - Optimize for 5 iters with {'c1': 0.5, 'c2': 0.3, 'w': 0.9}
2025-07-31 16:06:46,506 - pyswarms.single.global_best - INFO - Optimization finished | best cost: 0.5, best pos: [2.18825393e-07 5.06072018e-08 2.69678972e-07 3.90724369e-07
 3.94491591e-07 3.71577242e-07 1.85971743e-07 1.94996549e-07
 8.67990130e-08 8.82149642e-08 1.10627531e-07 1.11312506e-07
 1.41158715e-07 4.55436161e-08 3.67711207e-07 3.90907043e-07
 1.32198275e-07]
2025-07-31 16:32:50,135 - pyswarms.single.global_best - INFO - Optimize for 5 iters with {'c1': 0.5, 'c2': 0.3, 'w': 0.9}
2025-07-31 16:39:43,469 - pyswarms.single.global_best - INFO - Optimize for 5 iters with {'c1': 0.5, 'c2': 0.3, 'w': 0.9}
2025-07-31 16:41:06,354 - pyswarms.single.global_best - INFO - Optimize for 5 iters with {'c1': 0.5, 'c2': 0.3, 'w': 0.9}
2025-08-01 13:31:33,683 - pyswarms.single.global_best - INFO - Optimize for 5 iters with {'c1': 0.5, 'c2': 0.3, 'w': 0.9}
2025-08-01 13:33:11,963 - pyswarms.single.global_best - INFO - Optimize for 5 iters with {'c1': 0.5, 'c2': 0.3, 'w': 0.9}
2025-08-01 13:33:43,395 - pyswarms.single.global_best - INFO - Optimize for 5 iters with {'c1': 0.5, 'c2': 0.3, 'w': 0.9}
2025-08-01 14:08:15,172 - pyswarms.single.global_best - INFO - Optimize for 5 iters with {'c1': 0.5, 'c2': 0.3, 'w': 0.9}
2025-08-01 14:10:00,708 - pyswarms.single.global_best - INFO - Optimization finished | best cost: 0.5, best pos: [3.60425861e-07 5.05953021e-08 2.36632902e-07 1.48089480e-07
 2.49344417e-07 1.23717358e-07 4.41407999e-07 1.52211094e-07
 6.05096953e-08 3.60385023e-07 2.00631681e-07 3.67131857e-07
 1.96386080e-07 4.83358826e-07 4.75542671e-07 1.59057330e-07
 2.42249891e-07]
2025-08-01 14:17:10,750 - pyswarms.single.global_best - INFO - Optimize for 5 iters with {'c1': 0.5, 'c2': 0.3, 'w': 0.9}
2025-08-01 14:47:53,346 - pyswarms.single.global_best - INFO - Optimize for 5 iters with {'c1': 0.5, 'c2': 0.3, 'w': 0.9}
